<?xml version="1.0" encoding="UTF-8"?>
<!-- Generated by org.testng.reporters.JUnitXMLReporter -->
<testsuite ignored="0" hostname="Vishwajeet" failures="0" tests="3" name="Test" time="9.771" errors="0" timestamp="2024-12-26T08:18:23 IST">
  <testcase classname="org.sample.Mavennew.TC2Test" name="testase2" time="3.192"/>
  <testcase classname="org.sample.Mavennew.VkTest" name="launch" time="2.374"/>
  <testcase classname="org.sample.Mavennew.VkTest" name="launch2" time="4.157"/>
</testsuite> <!-- Test -->
