<?xml version="1.0" encoding="UTF-8"?>
<!-- Generated by org.testng.reporters.JUnitXMLReporter -->
<testsuite ignored="0" hostname="Vishwajeet" failures="0" tests="3" name="Test" time="25.15" errors="0" timestamp="2024-12-22T14:03:30 IST">
  <testcase classname="org.sample.Mavennew.VkTest" name="launch" time="11.038"/>
  <testcase classname="org.sample.Mavennew.VkTest" name="launch2" time="9.802"/>
  <testcase classname="org.sample.Mavennew.TC2Test" name="testase2" time="4.191"/>
</testsuite> <!-- Test -->
